<?xml version="1.0" encoding="UTF-8"?>
<!-- Generated by org.testng.reporters.JUnitReportReporter -->
<testsuite hostname="LAPTOP-VTJRF8KI" failures="0" tests="1" name="TestYourLogo.TesttabWomen" time="25.149" errors="0" timestamp="2022-04-17T22:35:21 IST" skipped="0">
  <testcase classname="TestYourLogo.TesttabWomen" name="Woment_Tab" time="25.149"/>
  <system-out/>
</testsuite> <!-- TestYourLogo.TesttabWomen -->
