<?xml version="1.0" encoding="UTF-8"?>
<!-- Generated by org.testng.reporters.JUnitReportReporter -->
<testsuite hostname="LAPTOP-VTJRF8KI" failures="0" tests="1" name="TestYourLogo.TesttabWomen" time="83.703" errors="0" timestamp="2022-04-20T18:31:11 IST" skipped="0">
  <testcase classname="TestYourLogo.TesttabWomen" name="Woment_Tab" time="83.703"/>
  <system-out/>
</testsuite> <!-- TestYourLogo.TesttabWomen -->
