<?xml version="1.0" encoding="UTF-8"?>
<!-- Generated by org.testng.reporters.JUnitReportReporter -->
<testsuite hostname="LAPTOP-VTJRF8KI" failures="0" tests="1" name="TestYourLogo.TestDress" time="74.667" errors="0" timestamp="2022-04-18T18:54:14 IST" skipped="0">
  <testcase classname="TestYourLogo.TestDress" name="TestDress_init" time="74.667"/>
  <system-out/>
</testsuite> <!-- TestYourLogo.TestDress -->
