<?xml version="1.0" encoding="UTF-8"?>
<!-- Generated by org.testng.reporters.JUnitReportReporter -->
<testsuite hostname="LAPTOP-VTJRF8KI" failures="0" tests="1" name="ReportYourLogo.Reporting" time="0.759" errors="0" timestamp="2022-04-18T20:24:53 IST" skipped="0">
  <testcase classname="ReportYourLogo.Reporting" name="Report_Extend" time="0.759"/>
  <system-out/>
</testsuite> <!-- ReportYourLogo.Reporting -->
