<?xml version="1.0" encoding="UTF-8"?>
<!-- Generated by org.testng.reporters.JUnitReportReporter -->
<testsuite hostname="LAPTOP-VTJRF8KI" failures="0" tests="1" name="TestYourLogo.Testlogin" time="22.831" errors="0" timestamp="2022-04-17T20:39:40 IST" skipped="0">
  <testcase classname="TestYourLogo.Testlogin" name="Login_into_the_Website" time="22.831"/>
  <system-out/>
</testsuite> <!-- TestYourLogo.Testlogin -->
